CRITICAL - 2021-09-03 23:32:22 --> Invalid file: list.php
#0 D:\xampp\htdocs\ci4_demo\system\View\View.php(213): CodeIgniter\Exceptions\FrameworkException::forInvalidFile('list.php')
#1 D:\xampp\htdocs\ci4_demo\system\Common.php(1271): CodeIgniter\View\View->render('list', Array, true)
#2 D:\xampp\htdocs\ci4_demo\app\Controllers\Student.php(24): view('list', Array)
#3 D:\xampp\htdocs\ci4_demo\system\CodeIgniter.php(928): App\Controllers\Student->index()
#4 D:\xampp\htdocs\ci4_demo\system\CodeIgniter.php(436): CodeIgniter\CodeIgniter->runController(Object(App\Controllers\Student))
#5 D:\xampp\htdocs\ci4_demo\system\CodeIgniter.php(336): CodeIgniter\CodeIgniter->handleRequest(NULL, Object(Config\Cache), false)
#6 D:\xampp\htdocs\ci4_demo\public\index.php(37): CodeIgniter\CodeIgniter->run()
#7 D:\xampp\htdocs\ci4_demo\system\Commands\Server\rewrite.php(45): require_once('D:\\xampp\\htdocs...')
#8 {main}
CRITICAL - 2021-09-03 23:43:24 --> Call to undefined method CodeIgniter\Pager\Pager::setSurroundCount()
#0 D:\xampp\htdocs\ci4_demo\system\View\View.php(230): include()
#1 D:\xampp\htdocs\ci4_demo\system\View\View.php(232): CodeIgniter\View\View->CodeIgniter\View\{closure}()
#2 D:\xampp\htdocs\ci4_demo\system\Common.php(1271): CodeIgniter\View\View->render('list', Array, true)
#3 D:\xampp\htdocs\ci4_demo\app\Controllers\Student.php(24): view('list', Array)
#4 D:\xampp\htdocs\ci4_demo\system\CodeIgniter.php(928): App\Controllers\Student->index()
#5 D:\xampp\htdocs\ci4_demo\system\CodeIgniter.php(436): CodeIgniter\CodeIgniter->runController(Object(App\Controllers\Student))
#6 D:\xampp\htdocs\ci4_demo\system\CodeIgniter.php(336): CodeIgniter\CodeIgniter->handleRequest(NULL, Object(Config\Cache), false)
#7 D:\xampp\htdocs\ci4_demo\public\index.php(37): CodeIgniter\CodeIgniter->run()
#8 D:\xampp\htdocs\ci4_demo\system\Commands\Server\rewrite.php(45): require_once('D:\\xampp\\htdocs...')
#9 {main}
CRITICAL - 2021-09-03 23:46:33 --> Call to undefined method CodeIgniter\Pager\Pager::hasPreviousPage()
#0 D:\xampp\htdocs\ci4_demo\system\View\View.php(230): include()
#1 D:\xampp\htdocs\ci4_demo\system\View\View.php(232): CodeIgniter\View\View->CodeIgniter\View\{closure}()
#2 D:\xampp\htdocs\ci4_demo\system\Common.php(1271): CodeIgniter\View\View->render('list', Array, true)
#3 D:\xampp\htdocs\ci4_demo\app\Controllers\Student.php(24): view('list', Array)
#4 D:\xampp\htdocs\ci4_demo\system\CodeIgniter.php(928): App\Controllers\Student->index()
#5 D:\xampp\htdocs\ci4_demo\system\CodeIgniter.php(436): CodeIgniter\CodeIgniter->runController(Object(App\Controllers\Student))
#6 D:\xampp\htdocs\ci4_demo\system\CodeIgniter.php(336): CodeIgniter\CodeIgniter->handleRequest(NULL, Object(Config\Cache), false)
#7 D:\xampp\htdocs\ci4_demo\public\index.php(37): CodeIgniter\CodeIgniter->run()
#8 D:\xampp\htdocs\ci4_demo\system\Commands\Server\rewrite.php(45): require_once('D:\\xampp\\htdocs...')
#9 {main}
CRITICAL - 2021-09-03 23:48:44 --> Call to undefined method CodeIgniter\Pager\Pager::hasPrevious()
#0 D:\xampp\htdocs\ci4_demo\system\View\View.php(230): include()
#1 D:\xampp\htdocs\ci4_demo\system\View\View.php(232): CodeIgniter\View\View->CodeIgniter\View\{closure}()
#2 D:\xampp\htdocs\ci4_demo\system\Common.php(1271): CodeIgniter\View\View->render('list', Array, true)
#3 D:\xampp\htdocs\ci4_demo\app\Controllers\Student.php(24): view('list', Array)
#4 D:\xampp\htdocs\ci4_demo\system\CodeIgniter.php(928): App\Controllers\Student->index()
#5 D:\xampp\htdocs\ci4_demo\system\CodeIgniter.php(436): CodeIgniter\CodeIgniter->runController(Object(App\Controllers\Student))
#6 D:\xampp\htdocs\ci4_demo\system\CodeIgniter.php(336): CodeIgniter\CodeIgniter->handleRequest(NULL, Object(Config\Cache), false)
#7 D:\xampp\htdocs\ci4_demo\public\index.php(37): CodeIgniter\CodeIgniter->run()
#8 D:\xampp\htdocs\ci4_demo\system\Commands\Server\rewrite.php(45): require_once('D:\\xampp\\htdocs...')
#9 {main}
CRITICAL - 2021-09-03 23:48:53 --> Call to undefined method CodeIgniter\Pager\Pager::hasPrevious()
#0 D:\xampp\htdocs\ci4_demo\system\View\View.php(230): include()
#1 D:\xampp\htdocs\ci4_demo\system\View\View.php(232): CodeIgniter\View\View->CodeIgniter\View\{closure}()
#2 D:\xampp\htdocs\ci4_demo\system\Common.php(1271): CodeIgniter\View\View->render('list', Array, true)
#3 D:\xampp\htdocs\ci4_demo\app\Controllers\Student.php(24): view('list', Array)
#4 D:\xampp\htdocs\ci4_demo\system\CodeIgniter.php(928): App\Controllers\Student->index()
#5 D:\xampp\htdocs\ci4_demo\system\CodeIgniter.php(436): CodeIgniter\CodeIgniter->runController(Object(App\Controllers\Student))
#6 D:\xampp\htdocs\ci4_demo\system\CodeIgniter.php(336): CodeIgniter\CodeIgniter->handleRequest(NULL, Object(Config\Cache), false)
#7 D:\xampp\htdocs\ci4_demo\public\index.php(37): CodeIgniter\CodeIgniter->run()
#8 D:\xampp\htdocs\ci4_demo\system\Commands\Server\rewrite.php(45): require_once('D:\\xampp\\htdocs...')
#9 {main}
CRITICAL - 2021-09-03 23:54:59 --> Invalid argument supplied for foreach()
#0 D:\xampp\htdocs\ci4_demo\app\Views\list.php(50): CodeIgniter\Debug\Exceptions->errorHandler(2, 'Invalid argumen...', 'D:\\xampp\\htdocs...', 50, Array)
#1 D:\xampp\htdocs\ci4_demo\system\View\View.php(230): include('D:\\xampp\\htdocs...')
#2 D:\xampp\htdocs\ci4_demo\system\View\View.php(232): CodeIgniter\View\View->CodeIgniter\View\{closure}()
#3 D:\xampp\htdocs\ci4_demo\system\Common.php(1271): CodeIgniter\View\View->render('list', Array, true)
#4 D:\xampp\htdocs\ci4_demo\app\Controllers\Student.php(24): view('list', Array)
#5 D:\xampp\htdocs\ci4_demo\system\CodeIgniter.php(928): App\Controllers\Student->index()
#6 D:\xampp\htdocs\ci4_demo\system\CodeIgniter.php(436): CodeIgniter\CodeIgniter->runController(Object(App\Controllers\Student))
#7 D:\xampp\htdocs\ci4_demo\system\CodeIgniter.php(336): CodeIgniter\CodeIgniter->handleRequest(NULL, Object(Config\Cache), false)
#8 D:\xampp\htdocs\ci4_demo\public\index.php(37): CodeIgniter\CodeIgniter->run()
#9 D:\xampp\htdocs\ci4_demo\system\Commands\Server\rewrite.php(45): require_once('D:\\xampp\\htdocs...')
#10 {main}
